2022/08/04 12:49:39 [notice] 1#1: using the "epoll" event method
2022/08/04 12:49:39 [notice] 1#1: nginx/1.23.1
2022/08/04 12:49:39 [notice] 1#1: built by gcc 10.2.1 20210110 (Debian 10.2.1-6) 
2022/08/04 12:49:39 [notice] 1#1: OS: Linux 5.4.0-122-generic
2022/08/04 12:49:39 [notice] 1#1: getrlimit(RLIMIT_NOFILE): 1024:4096
2022/08/04 12:49:39 [notice] 1#1: start worker processes
2022/08/04 12:49:39 [notice] 1#1: start worker process 34
2022/08/04 12:49:39 [notice] 1#1: start worker process 35
2022/08/04 12:49:39 [notice] 1#1: start worker process 36
2022/08/04 12:49:39 [notice] 1#1: start worker process 37
2022/08/04 13:07:03 [notice] 35#35: signal 15 (SIGTERM) received, exiting
2022/08/04 13:07:03 [notice] 36#36: signal 15 (SIGTERM) received, exiting
2022/08/04 13:07:03 [notice] 1#1: signal 15 (SIGTERM) received, exiting
2022/08/04 13:07:05 [notice] 35#35: exiting
2022/08/04 13:07:05 [notice] 36#36: exiting
2022/08/04 13:07:03 [notice] 37#37: signal 15 (SIGTERM) received, exiting
2022/08/04 13:07:05 [notice] 37#37: exiting
2022/08/04 13:07:03 [notice] 34#34: signal 15 (SIGTERM) received, exiting
2022/08/04 13:07:05 [notice] 35#35: exit
2022/08/04 13:07:05 [notice] 34#34: exiting
2022/08/04 13:07:05 [notice] 36#36: exit
2022/08/04 13:07:05 [notice] 37#37: exit
2022/08/04 13:07:05 [notice] 34#34: exit
2022/08/04 13:07:05 [notice] 1#1: signal 14 (SIGALRM) received
2022/08/04 13:07:05 [notice] 1#1: signal 14 (SIGALRM) received
2022/08/04 13:07:05 [notice] 1#1: signal 14 (SIGALRM) received
2022/08/04 13:07:06 [notice] 1#1: signal 14 (SIGALRM) received
2022/08/04 13:07:06 [notice] 1#1: signal 17 (SIGCHLD) received from 36
2022/08/04 13:07:06 [notice] 1#1: worker process 34 exited with code 0
2022/08/04 13:07:06 [notice] 1#1: worker process 35 exited with code 0
2022/08/04 13:07:06 [notice] 1#1: worker process 36 exited with code 0
2022/08/04 13:07:06 [notice] 1#1: worker process 37 exited with code 0
2022/08/04 13:07:06 [notice] 1#1: exit
2022/08/04 14:06:18 [notice] 1#1: using the "epoll" event method
2022/08/04 14:06:18 [notice] 1#1: nginx/1.23.1
2022/08/04 14:06:18 [notice] 1#1: built by gcc 10.2.1 20210110 (Debian 10.2.1-6) 
2022/08/04 14:06:18 [notice] 1#1: OS: Linux 5.4.0-122-generic
2022/08/04 14:06:18 [notice] 1#1: getrlimit(RLIMIT_NOFILE): 1024:4096
2022/08/04 14:06:18 [notice] 1#1: start worker processes
2022/08/04 14:06:18 [notice] 1#1: start worker process 31
2022/08/04 14:06:18 [notice] 1#1: start worker process 32
2022/08/04 14:06:18 [notice] 1#1: start worker process 33
2022/08/04 14:06:18 [notice] 1#1: start worker process 34
2022/08/04 14:46:07 [notice] 33#33: signal 15 (SIGTERM) received, exiting
2022/08/04 14:46:07 [notice] 33#33: exiting
2022/08/04 14:46:07 [notice] 33#33: exit
2022/08/04 14:46:07 [notice] 32#32: signal 15 (SIGTERM) received, exiting
2022/08/04 14:46:07 [notice] 32#32: exiting
2022/08/04 14:46:07 [notice] 32#32: exit
2022/08/04 14:46:07 [notice] 31#31: signal 15 (SIGTERM) received, exiting
2022/08/04 14:46:07 [notice] 31#31: exiting
2022/08/04 14:46:07 [notice] 31#31: exit
2022/08/04 14:46:07 [notice] 1#1: signal 15 (SIGTERM) received, exiting
2022/08/04 14:46:07 [notice] 34#34: signal 15 (SIGTERM) received, exiting
2022/08/04 14:46:07 [notice] 34#34: exiting
2022/08/04 14:46:07 [notice] 34#34: exit
2022/08/04 14:46:07 [notice] 1#1: signal 14 (SIGALRM) received
2022/08/04 14:46:07 [notice] 1#1: signal 17 (SIGCHLD) received from 33
2022/08/04 14:46:07 [notice] 1#1: worker process 32 exited with code 0
2022/08/04 14:46:07 [notice] 1#1: worker process 33 exited with code 0
2022/08/04 14:46:07 [notice] 1#1: signal 29 (SIGIO) received
2022/08/04 14:46:07 [notice] 1#1: signal 17 (SIGCHLD) received from 32
2022/08/04 14:46:07 [notice] 1#1: signal 17 (SIGCHLD) received from 31
2022/08/04 14:46:07 [notice] 1#1: worker process 31 exited with code 0
2022/08/04 14:46:07 [notice] 1#1: signal 29 (SIGIO) received
2022/08/04 14:46:07 [notice] 1#1: signal 17 (SIGCHLD) received from 34
2022/08/04 14:46:07 [notice] 1#1: worker process 34 exited with code 0
2022/08/04 14:46:07 [notice] 1#1: exit
2022/08/05 01:32:08 [notice] 1#1: using the "epoll" event method
2022/08/05 01:32:08 [notice] 1#1: nginx/1.23.1
2022/08/05 01:32:08 [notice] 1#1: built by gcc 10.2.1 20210110 (Debian 10.2.1-6) 
2022/08/05 01:32:08 [notice] 1#1: OS: Linux 5.4.0-122-generic
2022/08/05 01:32:08 [notice] 1#1: getrlimit(RLIMIT_NOFILE): 1024:4096
2022/08/05 01:32:08 [notice] 1#1: start worker processes
2022/08/05 01:32:08 [notice] 1#1: start worker process 31
2022/08/05 01:32:08 [notice] 1#1: start worker process 32
2022/08/05 01:32:08 [notice] 1#1: start worker process 33
2022/08/05 01:32:08 [notice] 1#1: start worker process 34
2022/08/05 10:41:01 [notice] 33#33: signal 15 (SIGTERM) received, exiting
2022/08/05 10:41:01 [notice] 32#32: signal 15 (SIGTERM) received, exiting
2022/08/05 10:41:03 [notice] 33#33: exiting
2022/08/05 10:41:01 [notice] 31#31: signal 15 (SIGTERM) received, exiting
2022/08/05 10:41:03 [notice] 32#32: exiting
2022/08/05 10:41:01 [notice] 34#34: signal 15 (SIGTERM) received, exiting
2022/08/05 10:41:03 [notice] 31#31: exiting
2022/08/05 10:41:03 [notice] 34#34: exiting
2022/08/05 10:41:03 [notice] 1#1: signal 15 (SIGTERM) received, exiting
2022/08/05 10:41:05 [notice] 1#1: signal 14 (SIGALRM) received
2022/08/05 10:41:05 [notice] 1#1: signal 14 (SIGALRM) received
2022/08/05 10:41:05 [notice] 1#1: signal 14 (SIGALRM) received
2022/08/05 10:41:06 [notice] 1#1: signal 14 (SIGALRM) received
2022/08/05 10:41:06 [notice] 1#1: signal 14 (SIGALRM) received
2022/08/05 10:41:03 [notice] 33#33: exit
2022/08/05 10:41:03 [notice] 31#31: exit
2022/08/05 10:41:03 [notice] 34#34: exit
2022/08/05 10:41:03 [notice] 32#32: exit
2022/08/05 10:41:08 [notice] 1#1: signal 14 (SIGALRM) received
2022/08/05 10:41:08 [notice] 1#1: signal 17 (SIGCHLD) received from 34
2022/08/05 10:41:08 [alert] 1#1: worker process 31 exited on signal 9
2022/08/05 10:41:08 [alert] 1#1: worker process 32 exited on signal 9
2022/08/05 10:41:08 [alert] 1#1: worker process 34 exited on signal 9
2022/08/05 10:41:08 [notice] 1#1: signal 29 (SIGIO) received
2022/08/05 10:41:08 [notice] 1#1: signal 17 (SIGCHLD) received from 31
2022/08/05 10:41:09 [notice] 1#1: signal 17 (SIGCHLD) received from 33
2022/08/05 10:41:09 [alert] 1#1: worker process 33 exited on signal 9
2022/08/05 10:41:09 [notice] 1#1: exit
2022/08/06 07:05:27 [notice] 1#1: using the "epoll" event method
2022/08/06 07:05:27 [notice] 1#1: nginx/1.23.1
2022/08/06 07:05:27 [notice] 1#1: built by gcc 10.2.1 20210110 (Debian 10.2.1-6) 
2022/08/06 07:05:27 [notice] 1#1: OS: Linux 5.4.0-122-generic
2022/08/06 07:05:27 [notice] 1#1: getrlimit(RLIMIT_NOFILE): 1024:4096
2022/08/06 07:05:27 [notice] 1#1: start worker processes
2022/08/06 07:05:27 [notice] 1#1: start worker process 30
2022/08/06 07:05:27 [notice] 1#1: start worker process 31
2022/08/06 07:05:27 [notice] 1#1: start worker process 32
2022/08/06 07:05:27 [notice] 1#1: start worker process 33
2022/08/06 14:44:13 [notice] 31#31: signal 15 (SIGTERM) received, exiting
2022/08/06 14:44:13 [notice] 33#33: signal 15 (SIGTERM) received, exiting
2022/08/06 14:44:13 [notice] 32#32: signal 15 (SIGTERM) received, exiting
2022/08/06 14:44:13 [notice] 30#30: signal 15 (SIGTERM) received, exiting
2022/08/06 14:44:14 [notice] 1#1: signal 15 (SIGTERM) received, exiting
2022/08/06 14:44:15 [notice] 33#33: exiting
2022/08/06 14:44:15 [notice] 32#32: exiting
2022/08/06 14:44:15 [notice] 30#30: exiting
2022/08/06 14:44:15 [notice] 31#31: exiting
2022/08/06 14:44:15 [notice] 32#32: exit
2022/08/06 14:44:15 [notice] 33#33: exit
2022/08/06 14:44:15 [notice] 31#31: exit
2022/08/06 14:44:15 [notice] 30#30: exit
2022/08/06 14:44:16 [notice] 1#1: signal 14 (SIGALRM) received
2022/08/06 14:44:16 [notice] 1#1: signal 14 (SIGALRM) received
2022/08/06 14:44:16 [notice] 1#1: signal 14 (SIGALRM) received
2022/08/06 14:44:16 [notice] 1#1: signal 14 (SIGALRM) received
2022/08/06 14:44:17 [notice] 1#1: signal 14 (SIGALRM) received
2022/08/06 14:44:19 [notice] 1#1: signal 14 (SIGALRM) received
2022/08/06 14:44:19 [notice] 1#1: signal 17 (SIGCHLD) received from 33
2022/08/06 14:44:19 [alert] 1#1: worker process 33 exited on signal 9
2022/08/06 14:44:19 [notice] 1#1: signal 29 (SIGIO) received
2022/08/06 14:44:19 [notice] 1#1: signal 17 (SIGCHLD) received from 31
2022/08/06 14:44:19 [alert] 1#1: worker process 31 exited on signal 9
2022/08/06 14:44:19 [notice] 1#1: signal 29 (SIGIO) received
2022/08/06 14:44:19 [notice] 1#1: signal 17 (SIGCHLD) received from 32
2022/08/06 14:44:19 [alert] 1#1: worker process 30 exited on signal 9
2022/08/06 14:44:19 [alert] 1#1: worker process 32 exited on signal 9
2022/08/06 14:44:19 [notice] 1#1: exit
2022/08/07 02:48:44 [notice] 1#1: using the "epoll" event method
2022/08/07 02:48:44 [notice] 1#1: nginx/1.23.1
2022/08/07 02:48:44 [notice] 1#1: built by gcc 10.2.1 20210110 (Debian 10.2.1-6) 
2022/08/07 02:48:44 [notice] 1#1: OS: Linux 5.4.0-122-generic
2022/08/07 02:48:44 [notice] 1#1: getrlimit(RLIMIT_NOFILE): 1024:4096
2022/08/07 02:48:44 [notice] 1#1: start worker processes
2022/08/07 02:48:44 [notice] 1#1: start worker process 30
2022/08/07 02:48:44 [notice] 1#1: start worker process 31
2022/08/07 02:48:44 [notice] 1#1: start worker process 32
2022/08/07 02:48:44 [notice] 1#1: start worker process 33
2022/08/07 08:10:00 [notice] 33#33: signal 15 (SIGTERM) received, exiting
2022/08/07 08:10:00 [notice] 33#33: exiting
2022/08/07 08:10:00 [notice] 30#30: signal 15 (SIGTERM) received, exiting
2022/08/07 08:10:00 [notice] 30#30: exiting
2022/08/07 08:10:00 [notice] 31#31: signal 15 (SIGTERM) received, exiting
2022/08/07 08:10:00 [notice] 31#31: exiting
2022/08/07 08:10:00 [notice] 32#32: signal 15 (SIGTERM) received, exiting
2022/08/07 08:10:00 [notice] 32#32: exiting
2022/08/07 08:10:00 [notice] 1#1: signal 15 (SIGTERM) received, exiting
2022/08/07 08:10:01 [notice] 1#1: signal 14 (SIGALRM) received
2022/08/07 08:10:00 [notice] 33#33: exit
2022/08/07 08:10:00 [notice] 30#30: exit
2022/08/07 08:10:00 [notice] 31#31: exit
2022/08/07 08:10:00 [notice] 32#32: exit
2022/08/07 08:10:01 [notice] 1#1: signal 14 (SIGALRM) received
2022/08/07 08:10:01 [notice] 1#1: signal 14 (SIGALRM) received
2022/08/07 08:10:02 [notice] 1#1: signal 14 (SIGALRM) received
2022/08/07 08:10:02 [notice] 1#1: signal 14 (SIGALRM) received
2022/08/07 08:10:03 [notice] 1#1: signal 17 (SIGCHLD) received from 33
2022/08/07 08:10:03 [notice] 1#1: worker process 30 exited with code 0
2022/08/07 08:10:03 [notice] 1#1: worker process 31 exited with code 0
2022/08/07 08:10:03 [notice] 1#1: worker process 32 exited with code 0
2022/08/07 08:10:03 [notice] 1#1: worker process 33 exited with code 0
2022/08/07 08:10:03 [notice] 1#1: exit
2022/08/07 11:27:00 [notice] 1#1: using the "epoll" event method
2022/08/07 11:27:00 [notice] 1#1: nginx/1.23.1
2022/08/07 11:27:00 [notice] 1#1: built by gcc 10.2.1 20210110 (Debian 10.2.1-6) 
2022/08/07 11:27:00 [notice] 1#1: OS: Linux 5.4.0-122-generic
2022/08/07 11:27:00 [notice] 1#1: getrlimit(RLIMIT_NOFILE): 1024:4096
2022/08/07 11:27:00 [notice] 1#1: start worker processes
2022/08/07 11:27:00 [notice] 1#1: start worker process 31
2022/08/07 11:27:00 [notice] 1#1: start worker process 32
2022/08/07 11:27:00 [notice] 1#1: start worker process 33
2022/08/07 11:27:00 [notice] 1#1: start worker process 34
